<?xml version="1.0" encoding="UTF-8"?>
<testng-results skipped="0" failed="0" ignored="0" total="1" passed="1">
  <reporter-output>
  </reporter-output>
  <suite name="Suite1" duration-ms="144" started-at="2022-04-19T04:26:50Z" finished-at="2022-04-19T04:26:50Z">
    <groups>
      <group name="cucumber">
        <method signature="AbstractTestNGCucumberTests.feature(cucumber.api.testng.CucumberFeatureWrapper)[pri:0, instance:com.nexttechITC.TestRunner.TestNGTestRunner$TestRunner@6b2fad11]" name="feature" class="cucumber.api.testng.AbstractTestNGCucumberTests"/>
      </group> <!-- cucumber -->
    </groups>
    <test name="Nopackage" duration-ms="144" started-at="2022-04-19T04:26:50Z" finished-at="2022-04-19T04:26:50Z">
      <class name="com.nexttechITC.TestRunner.TestNGTestRunner$TestRunner">
        <test-method status="PASS" signature="setUpClass()[pri:0, instance:com.nexttechITC.TestRunner.TestNGTestRunner$TestRunner@6b2fad11]" name="setUpClass" is-config="true" duration-ms="84" started-at="2022-04-19T00:26:50Z" finished-at="2022-04-19T00:26:50Z">
          <reporter-output>
          </reporter-output>
        </test-method> <!-- setUpClass -->
        <test-method status="PASS" signature="feature(cucumber.api.testng.CucumberFeatureWrapper)[pri:0, instance:com.nexttechITC.TestRunner.TestNGTestRunner$TestRunner@6b2fad11]" name="feature" duration-ms="3" started-at="2022-04-19T00:26:50Z" description="Runs Cucumber Feature" data-provider="features" finished-at="2022-04-19T00:26:50Z">
          <params>
            <param index="0">
              <value>
                <![CDATA[user want to visit amazon web page and verify serch]]>
              </value>
            </param>
          </params>
          <reporter-output>
          </reporter-output>
        </test-method> <!-- feature -->
        <test-method status="PASS" signature="tearDownClass()[pri:0, instance:com.nexttechITC.TestRunner.TestNGTestRunner$TestRunner@6b2fad11]" name="tearDownClass" is-config="true" duration-ms="1" started-at="2022-04-19T00:26:50Z" finished-at="2022-04-19T00:26:50Z">
          <reporter-output>
          </reporter-output>
        </test-method> <!-- tearDownClass -->
      </class> <!-- com.nexttechITC.TestRunner.TestNGTestRunner$TestRunner -->
    </test> <!-- Nopackage -->
  </suite> <!-- Suite1 -->
</testng-results>
